usage: train_mask_structs_update1019.py [-h] [--seeds SEEDS [SEEDS ...]]
                                        [--dataset DATASET] [--device DEVICE]
                                        [--max_epoch MAX_EPOCH]
                                        [--warmup_steps WARMUP_STEPS]
                                        [--num_heads NUM_HEADS]
                                        [--num_out_heads NUM_OUT_HEADS]
                                        [--num_layers NUM_LAYERS]
                                        [--num_hidden NUM_HIDDEN] [--residual]
                                        [--in_drop IN_DROP]
                                        [--attn_drop ATTN_DROP] [--norm NORM]
                                        [--lr LR]
                                        [--weight_decay WEIGHT_DECAY]
                                        [--negative_slope NEGATIVE_SLOPE]
                                        [--activation ACTIVATION]
                                        [--mask_rate MASK_RATE]
                                        [--drop_edge_rate DROP_EDGE_RATE]
                                        [--replace_rate REPLACE_RATE]
                                        [--encoder ENCODER]
                                        [--decoder DECODER]
                                        [--loss_fn LOSS_FN]
                                        [--alpha_l ALPHA_L]
                                        [--optimizer OPTIMIZER]
                                        [--max_epoch_f MAX_EPOCH_F]
                                        [--lr_f LR_F]
                                        [--weight_decay_f WEIGHT_DECAY_F]
                                        [--linear_prob] [--load_model]
                                        [--save_model] [--use_cfg] [--logging]
                                        [--scheduler] [--concat_hidden]
                                        [--alpha ALPHA]
                                        [--sample_type SAMPLE_TYPE]
                                        [--num_classes NUM_CLASSES]
                                        [--temperature TEMPERATURE]
                                        [--gnnlayer_type GNNLAYER_TYPE]
                                        [--pooling POOLING] [--deg4feat]
                                        [--batch_size BATCH_SIZE]
train_mask_structs_update1019.py: error: argument --max_epoch_f: expected one argument
usage: train_mask_structs_update1019.py [-h] [--seeds SEEDS [SEEDS ...]]
                                        [--dataset DATASET] [--device DEVICE]
                                        [--max_epoch MAX_EPOCH]
                                        [--warmup_steps WARMUP_STEPS]
                                        [--num_heads NUM_HEADS]
                                        [--num_out_heads NUM_OUT_HEADS]
                                        [--num_layers NUM_LAYERS]
                                        [--num_hidden NUM_HIDDEN] [--residual]
                                        [--in_drop IN_DROP]
                                        [--attn_drop ATTN_DROP] [--norm NORM]
                                        [--lr LR]
                                        [--weight_decay WEIGHT_DECAY]
                                        [--negative_slope NEGATIVE_SLOPE]
                                        [--activation ACTIVATION]
                                        [--mask_rate MASK_RATE]
                                        [--drop_edge_rate DROP_EDGE_RATE]
                                        [--replace_rate REPLACE_RATE]
                                        [--encoder ENCODER]
                                        [--decoder DECODER]
                                        [--loss_fn LOSS_FN]
                                        [--alpha_l ALPHA_L]
                                        [--optimizer OPTIMIZER]
                                        [--max_epoch_f MAX_EPOCH_F]
                                        [--lr_f LR_F]
                                        [--weight_decay_f WEIGHT_DECAY_F]
                                        [--linear_prob] [--load_model]
                                        [--save_model] [--use_cfg] [--logging]
                                        [--scheduler] [--concat_hidden]
                                        [--alpha ALPHA]
                                        [--sample_type SAMPLE_TYPE]
                                        [--num_classes NUM_CLASSES]
                                        [--temperature TEMPERATURE]
                                        [--gnnlayer_type GNNLAYER_TYPE]
                                        [--pooling POOLING] [--deg4feat]
                                        [--batch_size BATCH_SIZE]
train_mask_structs_update1019.py: error: argument --max_epoch_f: expected one argument
