Epoch  1: train_loss: 1.7655 recon_acc: 0.0007 val_roc: 0.4676 val_ap: 0.5088 f1: 0.6667 time: 0.1799
cri roc
          test_roc: 0.4676 test_ap: 0.5088 test_f1: 0.6667 test_recon_acc: 0.0007
Epoch  2: train_loss: 1.7354 recon_acc: 0.0084 val_roc: 0.5196 val_ap: 0.5171 f1: 0.6686 time: 0.1748
cri roc
          test_roc: 0.5196 test_ap: 0.5171 test_f1: 0.6686 test_recon_acc: 0.0084
Epoch  3: train_loss: 1.6551 recon_acc: 0.0053 val_roc: 0.4793 val_ap: 0.4927 f1: 0.6686 time: 0.1734
Epoch  4: train_loss: 1.5591 recon_acc: 0.0130 val_roc: 0.5227 val_ap: 0.5060 f1: 0.6716 time: 0.1747
cri roc
          test_roc: 0.5227 test_ap: 0.5060 test_f1: 0.6716 test_recon_acc: 0.0130
Epoch  5: train_loss: 1.4866 recon_acc: 0.0277 val_roc: 0.4723 val_ap: 0.4790 f1: 0.6677 time: 0.1719
Epoch  6: train_loss: 1.3267 recon_acc: 0.0013 val_roc: 0.4532 val_ap: 0.4607 f1: 0.6676 time: 0.1729
Epoch  7: train_loss: 1.1845 recon_acc: 0.0408 val_roc: 0.5217 val_ap: 0.5320 f1: 0.6677 time: 0.1697
Epoch  8: train_loss: 1.0413 recon_acc: 0.0035 val_roc: 0.4906 val_ap: 0.4851 f1: 0.6667 time: 0.1705
Epoch  9: train_loss: 0.8898 recon_acc: 0.0090 val_roc: 0.5020 val_ap: 0.4819 f1: 0.6676 time: 0.1773
Epoch 10: train_loss: 0.7701 recon_acc: 0.0044 val_roc: 0.4962 val_ap: 0.4883 f1: 0.6667 time: 0.1695
Epoch 11: train_loss: 0.6754 recon_acc: 0.0199 val_roc: 0.5265 val_ap: 0.5044 f1: 0.6676 time: 0.1695
cri roc
          test_roc: 0.5265 test_ap: 0.5044 test_f1: 0.6676 test_recon_acc: 0.0199
Epoch 12: train_loss: 0.6133 recon_acc: 0.1002 val_roc: 0.5599 val_ap: 0.5475 f1: 0.6781 time: 0.1690
cri roc
          test_roc: 0.5599 test_ap: 0.5475 test_f1: 0.6781 test_recon_acc: 0.1002
Epoch 13: train_loss: 0.5791 recon_acc: 0.0127 val_roc: 0.5122 val_ap: 0.4858 f1: 0.6696 time: 0.1671
Epoch 14: train_loss: 0.5613 recon_acc: 0.0986 val_roc: 0.5693 val_ap: 0.5279 f1: 0.6790 time: 0.1712
cri roc
          test_roc: 0.5693 test_ap: 0.5279 test_f1: 0.6790 test_recon_acc: 0.0986
Epoch 15: train_loss: 0.5582 recon_acc: 0.0115 val_roc: 0.5152 val_ap: 0.4978 f1: 0.6676 time: 0.1734
Epoch 16: train_loss: 0.5613 recon_acc: 0.0759 val_roc: 0.5516 val_ap: 0.5213 f1: 0.6799 time: 0.1691
Epoch 17: train_loss: 0.5676 recon_acc: 0.0793 val_roc: 0.5801 val_ap: 0.5746 f1: 0.6717 time: 0.1739
cri roc
          test_roc: 0.5801 test_ap: 0.5746 test_f1: 0.6717 test_recon_acc: 0.0793
Epoch 18: train_loss: 0.5726 recon_acc: 0.1498 val_roc: 0.6004 val_ap: 0.5955 f1: 0.6803 time: 0.1710
cri roc
          test_roc: 0.6004 test_ap: 0.5955 test_f1: 0.6803 test_recon_acc: 0.1498
Epoch 19: train_loss: 0.5774 recon_acc: 0.0271 val_roc: 0.5628 val_ap: 0.5700 f1: 0.6706 time: 0.1709
Epoch 20: train_loss: 0.5779 recon_acc: 0.0806 val_roc: 0.6334 val_ap: 0.6539 f1: 0.6707 time: 0.1720
cri roc
          test_roc: 0.6334 test_ap: 0.6539 test_f1: 0.6707 test_recon_acc: 0.0806
Epoch 21: train_loss: 0.5740 recon_acc: 0.0306 val_roc: 0.6435 val_ap: 0.6686 f1: 0.6706 time: 0.1704
cri roc
          test_roc: 0.6435 test_ap: 0.6686 test_f1: 0.6706 test_recon_acc: 0.0306
Epoch 22: train_loss: 0.5668 recon_acc: 0.0917 val_roc: 0.6590 val_ap: 0.6856 f1: 0.6779 time: 0.1678
cri roc
          test_roc: 0.6590 test_ap: 0.6856 test_f1: 0.6779 test_recon_acc: 0.0917
Epoch 23: train_loss: 0.5565 recon_acc: 0.2190 val_roc: 0.7009 val_ap: 0.7398 f1: 0.6841 time: 0.1763
cri roc
          test_roc: 0.7009 test_ap: 0.7398 test_f1: 0.6841 test_recon_acc: 0.2190
Epoch 24: train_loss: 0.5413 recon_acc: 0.3242 val_roc: 0.7133 val_ap: 0.7560 f1: 0.6782 time: 0.1735
cri roc
          test_roc: 0.7133 test_ap: 0.7560 test_f1: 0.6782 test_recon_acc: 0.3242
Epoch 25: train_loss: 0.5236 recon_acc: 0.4472 val_roc: 0.7339 val_ap: 0.7644 f1: 0.7011 time: 0.1766
cri roc
          test_roc: 0.7339 test_ap: 0.7644 test_f1: 0.7011 test_recon_acc: 0.4472
Epoch 26: train_loss: 0.5054 recon_acc: 0.6035 val_roc: 0.7225 val_ap: 0.7721 f1: 0.6819 time: 0.1762
Epoch 27: train_loss: 0.4861 recon_acc: 0.2619 val_roc: 0.7338 val_ap: 0.7769 f1: 0.6843 time: 0.1764
Epoch 28: train_loss: 0.4706 recon_acc: 0.4204 val_roc: 0.7490 val_ap: 0.7929 f1: 0.7031 time: 0.1808
cri roc
          test_roc: 0.7490 test_ap: 0.7929 test_f1: 0.7031 test_recon_acc: 0.4204
Epoch 29: train_loss: 0.4613 recon_acc: 0.6475 val_roc: 0.7514 val_ap: 0.7922 f1: 0.7011 time: 0.1766
cri roc
          test_roc: 0.7514 test_ap: 0.7922 test_f1: 0.7011 test_recon_acc: 0.6475
Epoch 30: train_loss: 0.4583 recon_acc: 0.3502 val_roc: 0.7402 val_ap: 0.7833 f1: 0.6998 time: 0.1755
Epoch 31: train_loss: 0.4584 recon_acc: 0.3610 val_roc: 0.7447 val_ap: 0.7897 f1: 0.6905 time: 0.1781
Epoch 32: train_loss: 0.4612 recon_acc: 0.4719 val_roc: 0.7570 val_ap: 0.8020 f1: 0.7045 time: 0.1786
cri roc
          test_roc: 0.7570 test_ap: 0.8020 test_f1: 0.7045 test_recon_acc: 0.4719
Epoch 33: train_loss: 0.4623 recon_acc: 0.3155 val_roc: 0.7555 val_ap: 0.8030 f1: 0.6998 time: 0.1754
Epoch 34: train_loss: 0.4599 recon_acc: 0.4515 val_roc: 0.7715 val_ap: 0.8124 f1: 0.7072 time: 0.1815
cri roc
          test_roc: 0.7715 test_ap: 0.8124 test_f1: 0.7072 test_recon_acc: 0.4515
Epoch 35: train_loss: 0.4573 recon_acc: 0.4547 val_roc: 0.7545 val_ap: 0.8012 f1: 0.6937 time: 0.1765
Epoch 36: train_loss: 0.4522 recon_acc: 0.4012 val_roc: 0.7708 val_ap: 0.8174 f1: 0.7080 time: 0.1817
Epoch 37: train_loss: 0.4465 recon_acc: 0.5879 val_roc: 0.7751 val_ap: 0.8233 f1: 0.7102 time: 0.1825
cri roc
          test_roc: 0.7751 test_ap: 0.8233 test_f1: 0.7102 test_recon_acc: 0.5879
Epoch 38: train_loss: 0.4416 recon_acc: 0.8448 val_roc: 0.7652 val_ap: 0.8229 f1: 0.7082 time: 0.1720
Epoch 39: train_loss: 0.4369 recon_acc: 0.7983 val_roc: 0.7736 val_ap: 0.8216 f1: 0.7084 time: 0.1750
Epoch 40: train_loss: 0.4336 recon_acc: 0.8059 val_roc: 0.7689 val_ap: 0.8273 f1: 0.7062 time: 0.1760
Epoch 41: train_loss: 0.4303 recon_acc: 0.8697 val_roc: 0.7664 val_ap: 0.8233 f1: 0.7008 time: 0.1747
Epoch 42: train_loss: 0.4289 recon_acc: 0.6775 val_roc: 0.7867 val_ap: 0.8373 f1: 0.7245 time: 0.1776
cri roc
          test_roc: 0.7867 test_ap: 0.8373 test_f1: 0.7245 test_recon_acc: 0.6775
Epoch 43: train_loss: 0.4273 recon_acc: 0.5341 val_roc: 0.7868 val_ap: 0.8382 f1: 0.7209 time: 0.1767
cri roc
          test_roc: 0.7868 test_ap: 0.8382 test_f1: 0.7209 test_recon_acc: 0.5341
Epoch 44: train_loss: 0.4263 recon_acc: 0.7191 val_roc: 0.7634 val_ap: 0.8176 f1: 0.7035 time: 0.1739
Epoch 45: train_loss: 0.4255 recon_acc: 0.7296 val_roc: 0.7604 val_ap: 0.8197 f1: 0.7004 time: 0.1784
Epoch 46: train_loss: 0.4248 recon_acc: 0.8425 val_roc: 0.7628 val_ap: 0.8219 f1: 0.7079 time: 0.1746
Epoch 47: train_loss: 0.4240 recon_acc: 0.8205 val_roc: 0.7725 val_ap: 0.8298 f1: 0.7002 time: 0.1746
Epoch 48: train_loss: 0.4237 recon_acc: 0.9113 val_roc: 0.7550 val_ap: 0.8199 f1: 0.7050 time: 0.1733
Epoch 49: train_loss: 0.4227 recon_acc: 0.6721 val_roc: 0.7544 val_ap: 0.8196 f1: 0.6940 time: 0.1809
Epoch 50: train_loss: 0.4219 recon_acc: 0.7783 val_roc: 0.7620 val_ap: 0.8209 f1: 0.7053 time: 0.1755
Epoch 51: train_loss: 0.4210 recon_acc: 0.7914 val_roc: 0.7727 val_ap: 0.8258 f1: 0.7252 time: 0.1764
Epoch 52: train_loss: 0.4201 recon_acc: 0.7294 val_roc: 0.7623 val_ap: 0.8276 f1: 0.7108 time: 0.1786
Epoch 53: train_loss: 0.4193 recon_acc: 0.8220 val_roc: 0.7526 val_ap: 0.8147 f1: 0.6883 time: 0.1763
Epoch 54: train_loss: 0.4185 recon_acc: 0.6482 val_roc: 0.7653 val_ap: 0.8315 f1: 0.7089 time: 0.1803
Epoch 55: train_loss: 0.4177 recon_acc: 0.6515 val_roc: 0.7695 val_ap: 0.8273 f1: 0.7079 time: 0.1803
Epoch 56: train_loss: 0.4169 recon_acc: 0.8548 val_roc: 0.7579 val_ap: 0.8263 f1: 0.7111 time: 0.1762
Epoch 57: train_loss: 0.4164 recon_acc: 0.6566 val_roc: 0.7611 val_ap: 0.8237 f1: 0.7061 time: 0.1799
Epoch 58: train_loss: 0.4157 recon_acc: 0.7556 val_roc: 0.7499 val_ap: 0.8161 f1: 0.6927 time: 0.1759
Epoch 59: train_loss: 0.4153 recon_acc: 0.8214 val_roc: 0.7591 val_ap: 0.8274 f1: 0.7064 time: 0.1753
Epoch 60: train_loss: 0.4147 recon_acc: 0.7369 val_roc: 0.7576 val_ap: 0.8227 f1: 0.7143 time: 0.1772
Epoch 61: train_loss: 0.4146 recon_acc: 0.8378 val_roc: 0.7501 val_ap: 0.8195 f1: 0.7200 time: 0.1787
Epoch 62: train_loss: 0.4148 recon_acc: 0.7883 val_roc: 0.7716 val_ap: 0.8323 f1: 0.7179 time: 0.1765
Epoch 63: train_loss: 0.4139 recon_acc: 0.7161 val_roc: 0.7611 val_ap: 0.8233 f1: 0.7072 time: 0.1787
Epoch 64: train_loss: 0.4136 recon_acc: 0.9297 val_roc: 0.7404 val_ap: 0.8174 f1: 0.7024 time: 0.1711
Epoch 65: train_loss: 0.4132 recon_acc: 0.5607 val_roc: 0.7662 val_ap: 0.8309 f1: 0.7080 time: 0.1809
Epoch 66: train_loss: 0.4130 recon_acc: 0.7374 val_roc: 0.7610 val_ap: 0.8297 f1: 0.7072 time: 0.1764
Epoch 67: train_loss: 0.4127 recon_acc: 0.7339 val_roc: 0.7540 val_ap: 0.8219 f1: 0.6847 time: 0.1782
Epoch 68: train_loss: 0.4123 recon_acc: 0.7933 val_roc: 0.7427 val_ap: 0.8163 f1: 0.6963 time: 0.1754
Epoch 69: train_loss: 0.4121 recon_acc: 0.8844 val_roc: 0.7359 val_ap: 0.8160 f1: 0.6873 time: 0.1749
Epoch 70: train_loss: 0.4119 recon_acc: 0.8453 val_roc: 0.7642 val_ap: 0.8326 f1: 0.7111 time: 0.1748
Epoch 71: train_loss: 0.4113 recon_acc: 0.7418 val_roc: 0.7623 val_ap: 0.8320 f1: 0.7140 time: 0.1797
Epoch 72: train_loss: 0.4111 recon_acc: 0.7453 val_roc: 0.7590 val_ap: 0.8211 f1: 0.7034 time: 0.1769
Epoch 73: train_loss: 0.4108 recon_acc: 0.7222 val_roc: 0.7724 val_ap: 0.8389 f1: 0.7236 time: 0.1797
Epoch 74: train_loss: 0.4105 recon_acc: 0.7570 val_roc: 0.7642 val_ap: 0.8273 f1: 0.7083 time: 0.1771
Epoch 75: train_loss: 0.4102 recon_acc: 0.9182 val_roc: 0.7530 val_ap: 0.8274 f1: 0.7034 time: 0.1736
Epoch 76: train_loss: 0.4100 recon_acc: 0.8977 val_roc: 0.7436 val_ap: 0.8224 f1: 0.7034 time: 0.1740
Epoch 77: train_loss: 0.4098 recon_acc: 0.7792 val_roc: 0.7532 val_ap: 0.8277 f1: 0.7053 time: 0.1769
Epoch 78: train_loss: 0.4095 recon_acc: 0.9160 val_roc: 0.7447 val_ap: 0.8189 f1: 0.7043 time: 0.1735
Epoch 79: train_loss: 0.4098 recon_acc: 0.8063 val_roc: 0.7444 val_ap: 0.8207 f1: 0.7002 time: 0.1772
Epoch 80: train_loss: 0.4091 recon_acc: 0.5306 val_roc: 0.7589 val_ap: 0.8252 f1: 0.6955 time: 0.1815
Epoch 81: train_loss: 0.4093 recon_acc: 0.8368 val_roc: 0.7367 val_ap: 0.8184 f1: 0.6990 time: 0.1752
Epoch 82: train_loss: 0.4091 recon_acc: 0.6930 val_roc: 0.7867 val_ap: 0.8414 f1: 0.7137 time: 0.1800
Epoch 83: train_loss: 0.4092 recon_acc: 0.8345 val_roc: 0.7467 val_ap: 0.8209 f1: 0.7111 time: 0.1740
Epoch 84: train_loss: 0.4089 recon_acc: 0.8343 val_roc: 0.7532 val_ap: 0.8210 f1: 0.6925 time: 0.1840
Epoch 85: train_loss: 0.4088 recon_acc: 0.8832 val_roc: 0.7691 val_ap: 0.8397 f1: 0.7342 time: 0.1791
Epoch 86: train_loss: 0.4082 recon_acc: 0.9145 val_roc: 0.7311 val_ap: 0.8104 f1: 0.6823 time: 0.1777
Epoch 87: train_loss: 0.4084 recon_acc: 0.8456 val_roc: 0.7475 val_ap: 0.8199 f1: 0.6959 time: 0.1735
Epoch 88: train_loss: 0.4083 recon_acc: 0.8195 val_roc: 0.7696 val_ap: 0.8380 f1: 0.7389 time: 0.1813
Epoch 89: train_loss: 0.4079 recon_acc: 0.8408 val_roc: 0.7683 val_ap: 0.8382 f1: 0.7186 time: 0.1735
Epoch 90: train_loss: 0.4078 recon_acc: 0.6597 val_roc: 0.7595 val_ap: 0.8233 f1: 0.6940 time: 0.1798
Epoch 91: train_loss: 0.4077 recon_acc: 0.9336 val_roc: 0.7622 val_ap: 0.8285 f1: 0.6900 time: 0.1769
Epoch 92: train_loss: 0.4076 recon_acc: 0.8156 val_roc: 0.7470 val_ap: 0.8252 f1: 0.7136 time: 0.1767
Epoch 93: train_loss: 0.4076 recon_acc: 0.7842 val_roc: 0.7663 val_ap: 0.8332 f1: 0.7036 time: 0.1779
Epoch 94: train_loss: 0.4075 recon_acc: 0.8907 val_roc: 0.7456 val_ap: 0.8203 f1: 0.7117 time: 0.1718
Epoch 95: train_loss: 0.4072 recon_acc: 0.8169 val_roc: 0.7557 val_ap: 0.8244 f1: 0.6988 time: 0.1765
Epoch 96: train_loss: 0.4074 recon_acc: 0.8905 val_roc: 0.7530 val_ap: 0.8281 f1: 0.7206 time: 0.1735
Epoch 97: train_loss: 0.4067 recon_acc: 0.7611 val_roc: 0.7681 val_ap: 0.8327 f1: 0.7040 time: 0.1822
Epoch 98: train_loss: 0.4074 recon_acc: 0.7969 val_roc: 0.7528 val_ap: 0.8304 f1: 0.7129 time: 0.1754
Epoch 99: train_loss: 0.4067 recon_acc: 0.8180 val_roc: 0.7545 val_ap: 0.8226 f1: 0.6942 time: 0.1775
Epoch100: train_loss: 0.4068 recon_acc: 0.9306 val_roc: 0.7435 val_ap: 0.8225 f1: 0.7059 time: 0.1841
Epoch101: train_loss: 0.4069 recon_acc: 0.8927 val_roc: 0.7639 val_ap: 0.8368 f1: 0.7249 time: 0.1735
Epoch102: train_loss: 0.4066 recon_acc: 0.8911 val_roc: 0.7433 val_ap: 0.8182 f1: 0.6877 time: 0.1754
Epoch103: train_loss: 0.4064 recon_acc: 0.9173 val_roc: 0.7445 val_ap: 0.8178 f1: 0.6883 time: 0.1769
Epoch104: train_loss: 0.4064 recon_acc: 0.8207 val_roc: 0.7756 val_ap: 0.8392 f1: 0.7200 time: 0.1756
Epoch105: train_loss: 0.4066 recon_acc: 0.7450 val_roc: 0.7712 val_ap: 0.8362 f1: 0.7016 time: 0.1776
Epoch106: train_loss: 0.4060 recon_acc: 0.8454 val_roc: 0.7898 val_ap: 0.8477 f1: 0.7210 time: 0.1746
cri roc
          test_roc: 0.7898 test_ap: 0.8477 test_f1: 0.7210 test_recon_acc: 0.8454
Epoch107: train_loss: 0.4062 recon_acc: 0.8657 val_roc: 0.7660 val_ap: 0.8357 f1: 0.7128 time: 0.1757
Epoch108: train_loss: 0.4060 recon_acc: 0.8092 val_roc: 0.7765 val_ap: 0.8401 f1: 0.7167 time: 0.1766
Epoch109: train_loss: 0.4060 recon_acc: 0.9012 val_roc: 0.7711 val_ap: 0.8368 f1: 0.7124 time: 0.1746
Epoch110: train_loss: 0.4060 recon_acc: 0.7920 val_roc: 0.7717 val_ap: 0.8341 f1: 0.7073 time: 0.1775
Epoch111: train_loss: 0.4055 recon_acc: 0.8365 val_roc: 0.7596 val_ap: 0.8301 f1: 0.7077 time: 0.1760
Epoch112: train_loss: 0.4058 recon_acc: 0.8254 val_roc: 0.7559 val_ap: 0.8331 f1: 0.7186 time: 0.1750
Epoch113: train_loss: 0.4056 recon_acc: 0.8631 val_roc: 0.7790 val_ap: 0.8478 f1: 0.7350 time: 0.1747
Epoch114: train_loss: 0.4054 recon_acc: 0.7467 val_roc: 0.7646 val_ap: 0.8344 f1: 0.7136 time: 0.1784
Epoch115: train_loss: 0.4054 recon_acc: 0.8412 val_roc: 0.7670 val_ap: 0.8345 f1: 0.7085 time: 0.1783
Epoch116: train_loss: 0.4052 recon_acc: 0.7705 val_roc: 0.7597 val_ap: 0.8269 f1: 0.6959 time: 0.1766
Epoch117: train_loss: 0.4051 recon_acc: 0.8476 val_roc: 0.7750 val_ap: 0.8391 f1: 0.7139 time: 0.1764
Epoch118: train_loss: 0.4052 recon_acc: 0.9312 val_roc: 0.7638 val_ap: 0.8334 f1: 0.7059 time: 0.1736
Epoch119: train_loss: 0.4050 recon_acc: 0.8325 val_roc: 0.7495 val_ap: 0.8262 f1: 0.6950 time: 0.1783
Epoch120: train_loss: 0.4049 recon_acc: 0.7697 val_roc: 0.7706 val_ap: 0.8323 f1: 0.7221 time: 0.1796
Epoch121: train_loss: 0.4046 recon_acc: 0.9012 val_roc: 0.7650 val_ap: 0.8358 f1: 0.7124 time: 0.1744
Epoch122: train_loss: 0.4049 recon_acc: 0.8439 val_roc: 0.7670 val_ap: 0.8342 f1: 0.7092 time: 0.1872
Epoch123: train_loss: 0.4046 recon_acc: 0.8108 val_roc: 0.7778 val_ap: 0.8407 f1: 0.7171 time: 0.1795
Epoch124: train_loss: 0.4045 recon_acc: 0.8642 val_roc: 0.7741 val_ap: 0.8376 f1: 0.7286 time: 0.1859
Epoch125: train_loss: 0.4046 recon_acc: 0.7836 val_roc: 0.7868 val_ap: 0.8436 f1: 0.7123 time: 0.1777
Epoch126: train_loss: 0.4046 recon_acc: 0.9100 val_roc: 0.7351 val_ap: 0.8144 f1: 0.6947 time: 0.1768
Epoch127: train_loss: 0.4045 recon_acc: 0.8268 val_roc: 0.7819 val_ap: 0.8463 f1: 0.7237 time: 0.2155
Epoch128: train_loss: 0.4041 recon_acc: 0.8664 val_roc: 0.7555 val_ap: 0.8306 f1: 0.7041 time: 0.1967
Epoch129: train_loss: 0.4044 recon_acc: 0.9549 val_roc: 0.7515 val_ap: 0.8249 f1: 0.7017 time: 0.1825
Epoch130: train_loss: 0.4043 recon_acc: 0.7957 val_roc: 0.7708 val_ap: 0.8362 f1: 0.7246 time: 0.1988
Epoch131: train_loss: 0.4040 recon_acc: 0.8915 val_roc: 0.7884 val_ap: 0.8466 f1: 0.7216 time: 0.1749
Epoch132: train_loss: 0.4041 recon_acc: 0.9360 val_roc: 0.7657 val_ap: 0.8341 f1: 0.7062 time: 0.1719
Epoch133: train_loss: 0.4039 recon_acc: 0.9012 val_roc: 0.7510 val_ap: 0.8251 f1: 0.6966 time: 0.1714
Epoch134: train_loss: 0.4038 recon_acc: 0.9180 val_roc: 0.7548 val_ap: 0.8283 f1: 0.7078 time: 0.1732
Epoch135: train_loss: 0.4039 recon_acc: 0.7472 val_roc: 0.7569 val_ap: 0.8288 f1: 0.7116 time: 0.1773
Epoch136: train_loss: 0.4037 recon_acc: 0.9563 val_roc: 0.7705 val_ap: 0.8373 f1: 0.7218 time: 0.1748
Epoch137: train_loss: 0.4036 recon_acc: 0.9423 val_roc: 0.7605 val_ap: 0.8323 f1: 0.7052 time: 0.1718
Epoch138: train_loss: 0.4037 recon_acc: 0.9483 val_roc: 0.7469 val_ap: 0.8206 f1: 0.6923 time: 0.1732
Epoch139: train_loss: 0.4036 recon_acc: 0.8886 val_roc: 0.7869 val_ap: 0.8464 f1: 0.7212 time: 0.1738
Epoch140: train_loss: 0.4037 recon_acc: 0.9200 val_roc: 0.7495 val_ap: 0.8263 f1: 0.7112 time: 0.1734
Epoch141: train_loss: 0.4035 recon_acc: 0.7181 val_roc: 0.7761 val_ap: 0.8429 f1: 0.7198 time: 0.1762
Epoch142: train_loss: 0.4035 recon_acc: 0.9336 val_roc: 0.7616 val_ap: 0.8344 f1: 0.7154 time: 0.1708
Epoch143: train_loss: 0.4035 recon_acc: 0.7647 val_roc: 0.7671 val_ap: 0.8364 f1: 0.7037 time: 0.1766
Epoch144: train_loss: 0.4035 recon_acc: 0.9468 val_roc: 0.7680 val_ap: 0.8370 f1: 0.7243 time: 0.1711
Epoch145: train_loss: 0.4034 recon_acc: 0.6814 val_roc: 0.7906 val_ap: 0.8491 f1: 0.7269 time: 0.1786
cri roc
          test_roc: 0.7906 test_ap: 0.8491 test_f1: 0.7269 test_recon_acc: 0.6814
Epoch146: train_loss: 0.4033 recon_acc: 0.9633 val_roc: 0.7838 val_ap: 0.8414 f1: 0.7052 time: 0.1699
Epoch147: train_loss: 0.4032 recon_acc: 0.9275 val_roc: 0.7496 val_ap: 0.8221 f1: 0.7011 time: 0.1757
Epoch148: train_loss: 0.4032 recon_acc: 0.8040 val_roc: 0.7779 val_ap: 0.8455 f1: 0.7386 time: 0.1772
Epoch149: train_loss: 0.4029 recon_acc: 0.7363 val_roc: 0.7770 val_ap: 0.8426 f1: 0.7202 time: 0.1767
Epoch150: train_loss: 0.4031 recon_acc: 0.7445 val_roc: 0.7725 val_ap: 0.8368 f1: 0.7101 time: 0.1758
Epoch151: train_loss: 0.4029 recon_acc: 0.9336 val_roc: 0.7542 val_ap: 0.8295 f1: 0.7189 time: 0.1724
Epoch152: train_loss: 0.4028 recon_acc: 0.7617 val_roc: 0.7644 val_ap: 0.8361 f1: 0.7123 time: 0.1756
Epoch153: train_loss: 0.4030 recon_acc: 0.8304 val_roc: 0.7630 val_ap: 0.8376 f1: 0.7214 time: 0.1766
Epoch154: train_loss: 0.4027 recon_acc: 0.9186 val_roc: 0.7752 val_ap: 0.8405 f1: 0.7173 time: 0.1733
Epoch155: train_loss: 0.4027 recon_acc: 0.7222 val_roc: 0.7871 val_ap: 0.8495 f1: 0.7281 time: 0.1771
Epoch156: train_loss: 0.4029 recon_acc: 0.8973 val_roc: 0.7770 val_ap: 0.8426 f1: 0.7371 time: 0.1742
Epoch157: train_loss: 0.4027 recon_acc: 0.8754 val_roc: 0.7725 val_ap: 0.8378 f1: 0.7190 time: 0.1748
Epoch158: train_loss: 0.4030 recon_acc: 0.9373 val_roc: 0.7539 val_ap: 0.8264 f1: 0.7040 time: 0.1732
Epoch159: train_loss: 0.4027 recon_acc: 0.8923 val_roc: 0.7853 val_ap: 0.8505 f1: 0.7333 time: 0.1764
Epoch160: train_loss: 0.4026 recon_acc: 0.9036 val_roc: 0.7730 val_ap: 0.8431 f1: 0.7273 time: 0.1735
Epoch161: train_loss: 0.4024 recon_acc: 0.9679 val_roc: 0.7563 val_ap: 0.8314 f1: 0.7111 time: 0.1725
Epoch162: train_loss: 0.4025 recon_acc: 0.8676 val_roc: 0.7878 val_ap: 0.8494 f1: 0.7212 time: 0.1874
Epoch163: train_loss: 0.4026 recon_acc: 0.7999 val_roc: 0.7906 val_ap: 0.8482 f1: 0.7196 time: 0.1806
Epoch164: train_loss: 0.4023 recon_acc: 0.6626 val_roc: 0.7692 val_ap: 0.8389 f1: 0.7177 time: 0.1859
Epoch165: train_loss: 0.4028 recon_acc: 0.7158 val_roc: 0.7683 val_ap: 0.8389 f1: 0.7169 time: 0.1819
Epoch166: train_loss: 0.4022 recon_acc: 0.7926 val_roc: 0.7574 val_ap: 0.8282 f1: 0.7067 time: 0.1816
Epoch167: train_loss: 0.4022 recon_acc: 0.9254 val_roc: 0.7610 val_ap: 0.8332 f1: 0.7204 time: 0.1958
Epoch168: train_loss: 0.4027 recon_acc: 0.9496 val_roc: 0.7839 val_ap: 0.8455 f1: 0.7234 time: 0.1810
Epoch169: train_loss: 0.4022 recon_acc: 0.8917 val_roc: 0.7761 val_ap: 0.8439 f1: 0.7296 time: 0.1861
Epoch170: train_loss: 0.4023 recon_acc: 0.9335 val_roc: 0.7628 val_ap: 0.8313 f1: 0.7046 time: 0.1824
Epoch171: train_loss: 0.4022 recon_acc: 0.9169 val_roc: 0.7435 val_ap: 0.8250 f1: 0.7053 time: 0.1809
Epoch172: train_loss: 0.4021 recon_acc: 0.8977 val_roc: 0.7713 val_ap: 0.8375 f1: 0.7065 time: 0.1825
Epoch173: train_loss: 0.4022 recon_acc: 0.7116 val_roc: 0.7818 val_ap: 0.8445 f1: 0.7149 time: 0.1865
Epoch174: train_loss: 0.4022 recon_acc: 0.8414 val_roc: 0.7745 val_ap: 0.8420 f1: 0.7196 time: 0.1923
Epoch175: train_loss: 0.4021 recon_acc: 0.9059 val_roc: 0.7626 val_ap: 0.8344 f1: 0.7135 time: 0.1926
Epoch176: train_loss: 0.4020 recon_acc: 0.8374 val_roc: 0.7691 val_ap: 0.8384 f1: 0.7178 time: 0.1767
Epoch177: train_loss: 0.4019 recon_acc: 0.7641 val_roc: 0.7612 val_ap: 0.8338 f1: 0.7095 time: 0.1782
Epoch178: train_loss: 0.4020 recon_acc: 0.9711 val_roc: 0.7565 val_ap: 0.8309 f1: 0.7107 time: 0.1711
Epoch179: train_loss: 0.4018 recon_acc: 0.9383 val_roc: 0.7646 val_ap: 0.8374 f1: 0.7151 time: 0.1733
Epoch180: train_loss: 0.4020 recon_acc: 0.8267 val_roc: 0.7669 val_ap: 0.8395 f1: 0.7190 time: 0.1746
Epoch181: train_loss: 0.4017 recon_acc: 0.9211 val_roc: 0.7684 val_ap: 0.8370 f1: 0.7215 time: 0.1727
Epoch182: train_loss: 0.4019 recon_acc: 0.8672 val_roc: 0.7711 val_ap: 0.8413 f1: 0.7259 time: 0.1732
Epoch183: train_loss: 0.4020 recon_acc: 0.7850 val_roc: 0.7707 val_ap: 0.8392 f1: 0.7212 time: 0.1744
Epoch184: train_loss: 0.4017 recon_acc: 0.8948 val_roc: 0.7711 val_ap: 0.8367 f1: 0.7147 time: 0.1719
Epoch185: train_loss: 0.4020 recon_acc: 0.9357 val_roc: 0.7429 val_ap: 0.8244 f1: 0.7109 time: 0.1719
Epoch186: train_loss: 0.4016 recon_acc: 0.7835 val_roc: 0.7721 val_ap: 0.8427 f1: 0.7194 time: 0.1746
Epoch187: train_loss: 0.4016 recon_acc: 0.8574 val_roc: 0.7688 val_ap: 0.8382 f1: 0.7103 time: 0.1745
Epoch188: train_loss: 0.4017 recon_acc: 0.8029 val_roc: 0.7757 val_ap: 0.8429 f1: 0.7229 time: 0.1738
Epoch189: train_loss: 0.4015 recon_acc: 0.7859 val_roc: 0.7743 val_ap: 0.8423 f1: 0.7230 time: 0.1759
Epoch190: train_loss: 0.4017 recon_acc: 0.9436 val_roc: 0.7763 val_ap: 0.8412 f1: 0.7200 time: 0.1705
Epoch191: train_loss: 0.4014 recon_acc: 0.9134 val_roc: 0.7827 val_ap: 0.8459 f1: 0.7212 time: 0.1713
Epoch192: train_loss: 0.4016 recon_acc: 0.7371 val_roc: 0.7618 val_ap: 0.8339 f1: 0.7088 time: 0.1767
Epoch193: train_loss: 0.4014 recon_acc: 0.8454 val_roc: 0.7819 val_ap: 0.8494 f1: 0.7438 time: 0.1751
Epoch194: train_loss: 0.4012 recon_acc: 0.9109 val_roc: 0.7687 val_ap: 0.8390 f1: 0.7173 time: 0.1737
Epoch195: train_loss: 0.4015 recon_acc: 0.9209 val_roc: 0.7725 val_ap: 0.8465 f1: 0.7368 time: 0.1817
Epoch196: train_loss: 0.4013 recon_acc: 0.8050 val_roc: 0.7724 val_ap: 0.8403 f1: 0.7095 time: 0.1809
Epoch197: train_loss: 0.4014 recon_acc: 0.9518 val_roc: 0.7467 val_ap: 0.8239 f1: 0.6957 time: 0.1755
Epoch198: train_loss: 0.4012 recon_acc: 0.9378 val_roc: 0.7896 val_ap: 0.8511 f1: 0.7166 time: 0.1731
Epoch199: train_loss: 0.4015 recon_acc: 0.6379 val_roc: 0.7911 val_ap: 0.8477 f1: 0.7174 time: 0.1797
cri roc
          test_roc: 0.7911 test_ap: 0.8477 test_f1: 0.7174 test_recon_acc: 0.6379
Epoch200: train_loss: 0.4013 recon_acc: 0.9219 val_roc: 0.7757 val_ap: 0.8437 f1: 0.7253 time: 0.1719
Done! final results: test_roc: 0.7911 test_ap: 0.8477 test_f1: 0.7174 test_recon_acc: 0.6379
