[I 2023-12-18 00:21:50,858] A new study created in memory with name: cocitationcora_study
/users/Min/GAug/optuna_HGAugO_test.py:125: FutureWarning: suggest_discrete_uniform has been deprecated in v3.0.0. This feature will be removed in v6.0.0. See https://github.com/optuna/optuna/releases/tag/v3.0.0. Use suggest_float(..., step=...) instead.
  change_frac = trial.suggest_discrete_uniform('alpha', 0, 1, 0.01)
/users/Min/GAug/optuna_HGAugO_test.py:126: FutureWarning: suggest_discrete_uniform has been deprecated in v3.0.0. This feature will be removed in v6.0.0. See https://github.com/optuna/optuna/releases/tag/v3.0.0. Use suggest_float(..., step=...) instead.
  beta = trial.suggest_discrete_uniform('beta', 0.0, 4.0, 0.1)
/users/Min/GAug/optuna_HGAugO_test.py:127: FutureWarning: suggest_discrete_uniform has been deprecated in v3.0.0. This feature will be removed in v6.0.0. See https://github.com/optuna/optuna/releases/tag/v3.0.0. Use suggest_float(..., step=...) instead.
  temp = trial.suggest_discrete_uniform('temp', 0.1, 2.1, 0.1)
/users/Min/GAug/optuna_HGAugO_test.py:129: FutureWarning: suggest_discrete_uniform has been deprecated in v3.0.0. This feature will be removed in v6.0.0. See https://github.com/optuna/optuna/releases/tag/v3.0.0. Use suggest_float(..., step=...) instead.
  pretrain_ep = trial.suggest_discrete_uniform('pretrain_ep', 5, 300, 5)
/users/Min/GAug/optuna_HGAugO_test.py:130: FutureWarning: suggest_discrete_uniform has been deprecated in v3.0.0. This feature will be removed in v6.0.0. See https://github.com/optuna/optuna/releases/tag/v3.0.0. Use suggest_float(..., step=...) instead.
  pretrain_nc = trial.suggest_discrete_uniform('pretrain_nc', 5, 300, 5)
/users/Min/GAug/optuna_HGAugO_test.py:140: FutureWarning: suggest_uniform has been deprecated in v3.0.0. This feature will be removed in v6.0.0. See https://github.com/optuna/optuna/releases/tag/v3.0.0. Use suggest_float instead.
  trial.suggest_uniform('acc', acc, acc)
/users/Min/GAug/optuna_HGAugO_test.py:141: FutureWarning: suggest_uniform has been deprecated in v3.0.0. This feature will be removed in v6.0.0. See https://github.com/optuna/optuna/releases/tag/v3.0.0. Use suggest_float instead.
  trial.suggest_uniform('std', std, std)
[I 2023-12-18 03:47:53,432] Trial 0 finished with value: 0.4162772585669783 and parameters: {'alpha': 0.2, 'beta': 2.8000000000000003, 'temp': 1.6, 'warmup': 6, 'pretrain_ep': 220.0, 'pretrain_nc': 140.0, 'dataset': 'cora', 'gnn': 'gcn', 'acc': 0.4162772585669783, 'std': 1.1102230246251565e-16}. Best is trial 0 with value: 0.4162772585669783.
/users/Min/GAug/optuna_HGAugO_test.py:125: FutureWarning: suggest_discrete_uniform has been deprecated in v3.0.0. This feature will be removed in v6.0.0. See https://github.com/optuna/optuna/releases/tag/v3.0.0. Use suggest_float(..., step=...) instead.
  change_frac = trial.suggest_discrete_uniform('alpha', 0, 1, 0.01)
/users/Min/GAug/optuna_HGAugO_test.py:126: FutureWarning: suggest_discrete_uniform has been deprecated in v3.0.0. This feature will be removed in v6.0.0. See https://github.com/optuna/optuna/releases/tag/v3.0.0. Use suggest_float(..., step=...) instead.
  beta = trial.suggest_discrete_uniform('beta', 0.0, 4.0, 0.1)
/users/Min/GAug/optuna_HGAugO_test.py:127: FutureWarning: suggest_discrete_uniform has been deprecated in v3.0.0. This feature will be removed in v6.0.0. See https://github.com/optuna/optuna/releases/tag/v3.0.0. Use suggest_float(..., step=...) instead.
  temp = trial.suggest_discrete_uniform('temp', 0.1, 2.1, 0.1)
/users/Min/GAug/optuna_HGAugO_test.py:129: FutureWarning: suggest_discrete_uniform has been deprecated in v3.0.0. This feature will be removed in v6.0.0. See https://github.com/optuna/optuna/releases/tag/v3.0.0. Use suggest_float(..., step=...) instead.
  pretrain_ep = trial.suggest_discrete_uniform('pretrain_ep', 5, 300, 5)
/users/Min/GAug/optuna_HGAugO_test.py:130: FutureWarning: suggest_discrete_uniform has been deprecated in v3.0.0. This feature will be removed in v6.0.0. See https://github.com/optuna/optuna/releases/tag/v3.0.0. Use suggest_float(..., step=...) instead.
  pretrain_nc = trial.suggest_discrete_uniform('pretrain_nc', 5, 300, 5)
/users/Min/GAug/optuna_HGAugO_test.py:140: FutureWarning: suggest_uniform has been deprecated in v3.0.0. This feature will be removed in v6.0.0. See https://github.com/optuna/optuna/releases/tag/v3.0.0. Use suggest_float instead.
  trial.suggest_uniform('acc', acc, acc)
/users/Min/GAug/optuna_HGAugO_test.py:141: FutureWarning: suggest_uniform has been deprecated in v3.0.0. This feature will be removed in v6.0.0. See https://github.com/optuna/optuna/releases/tag/v3.0.0. Use suggest_float instead.
  trial.suggest_uniform('std', std, std)
[I 2023-12-18 08:23:21,888] Trial 1 finished with value: 0.4365264797507787 and parameters: {'alpha': 0.29, 'beta': 0.6000000000000001, 'temp': 1.5000000000000002, 'warmup': 4, 'pretrain_ep': 195.0, 'pretrain_nc': 300.0, 'dataset': 'cora', 'gnn': 'gcn', 'acc': 0.4365264797507787, 'std': 1.1102230246251565e-16}. Best is trial 1 with value: 0.4365264797507787.
/users/Min/GAug/optuna_HGAugO_test.py:125: FutureWarning: suggest_discrete_uniform has been deprecated in v3.0.0. This feature will be removed in v6.0.0. See https://github.com/optuna/optuna/releases/tag/v3.0.0. Use suggest_float(..., step=...) instead.
  change_frac = trial.suggest_discrete_uniform('alpha', 0, 1, 0.01)
/users/Min/GAug/optuna_HGAugO_test.py:126: FutureWarning: suggest_discrete_uniform has been deprecated in v3.0.0. This feature will be removed in v6.0.0. See https://github.com/optuna/optuna/releases/tag/v3.0.0. Use suggest_float(..., step=...) instead.
  beta = trial.suggest_discrete_uniform('beta', 0.0, 4.0, 0.1)
/users/Min/GAug/optuna_HGAugO_test.py:127: FutureWarning: suggest_discrete_uniform has been deprecated in v3.0.0. This feature will be removed in v6.0.0. See https://github.com/optuna/optuna/releases/tag/v3.0.0. Use suggest_float(..., step=...) instead.
  temp = trial.suggest_discrete_uniform('temp', 0.1, 2.1, 0.1)
/users/Min/GAug/optuna_HGAugO_test.py:129: FutureWarning: suggest_discrete_uniform has been deprecated in v3.0.0. This feature will be removed in v6.0.0. See https://github.com/optuna/optuna/releases/tag/v3.0.0. Use suggest_float(..., step=...) instead.
  pretrain_ep = trial.suggest_discrete_uniform('pretrain_ep', 5, 300, 5)
/users/Min/GAug/optuna_HGAugO_test.py:130: FutureWarning: suggest_discrete_uniform has been deprecated in v3.0.0. This feature will be removed in v6.0.0. See https://github.com/optuna/optuna/releases/tag/v3.0.0. Use suggest_float(..., step=...) instead.
  pretrain_nc = trial.suggest_discrete_uniform('pretrain_nc', 5, 300, 5)
/users/Min/GAug/optuna_HGAugO_test.py:140: FutureWarning: suggest_uniform has been deprecated in v3.0.0. This feature will be removed in v6.0.0. See https://github.com/optuna/optuna/releases/tag/v3.0.0. Use suggest_float instead.
  trial.suggest_uniform('acc', acc, acc)
/users/Min/GAug/optuna_HGAugO_test.py:141: FutureWarning: suggest_uniform has been deprecated in v3.0.0. This feature will be removed in v6.0.0. See https://github.com/optuna/optuna/releases/tag/v3.0.0. Use suggest_float instead.
  trial.suggest_uniform('std', std, std)
[I 2023-12-18 10:51:58,042] Trial 2 finished with value: 0.39992211838006214 and parameters: {'alpha': 0.1, 'beta': 3.0, 'temp': 1.6, 'warmup': 3, 'pretrain_ep': 215.0, 'pretrain_nc': 220.0, 'dataset': 'cora', 'gnn': 'gcn', 'acc': 0.39992211838006214, 'std': 1.6653345369377348e-16}. Best is trial 1 with value: 0.4365264797507787.
/users/Min/GAug/optuna_HGAugO_test.py:125: FutureWarning: suggest_discrete_uniform has been deprecated in v3.0.0. This feature will be removed in v6.0.0. See https://github.com/optuna/optuna/releases/tag/v3.0.0. Use suggest_float(..., step=...) instead.
  change_frac = trial.suggest_discrete_uniform('alpha', 0, 1, 0.01)
/users/Min/GAug/optuna_HGAugO_test.py:126: FutureWarning: suggest_discrete_uniform has been deprecated in v3.0.0. This feature will be removed in v6.0.0. See https://github.com/optuna/optuna/releases/tag/v3.0.0. Use suggest_float(..., step=...) instead.
  beta = trial.suggest_discrete_uniform('beta', 0.0, 4.0, 0.1)
/users/Min/GAug/optuna_HGAugO_test.py:127: FutureWarning: suggest_discrete_uniform has been deprecated in v3.0.0. This feature will be removed in v6.0.0. See https://github.com/optuna/optuna/releases/tag/v3.0.0. Use suggest_float(..., step=...) instead.
  temp = trial.suggest_discrete_uniform('temp', 0.1, 2.1, 0.1)
/users/Min/GAug/optuna_HGAugO_test.py:129: FutureWarning: suggest_discrete_uniform has been deprecated in v3.0.0. This feature will be removed in v6.0.0. See https://github.com/optuna/optuna/releases/tag/v3.0.0. Use suggest_float(..., step=...) instead.
  pretrain_ep = trial.suggest_discrete_uniform('pretrain_ep', 5, 300, 5)
/users/Min/GAug/optuna_HGAugO_test.py:130: FutureWarning: suggest_discrete_uniform has been deprecated in v3.0.0. This feature will be removed in v6.0.0. See https://github.com/optuna/optuna/releases/tag/v3.0.0. Use suggest_float(..., step=...) instead.
  pretrain_nc = trial.suggest_discrete_uniform('pretrain_nc', 5, 300, 5)
/users/Min/GAug/optuna_HGAugO_test.py:140: FutureWarning: suggest_uniform has been deprecated in v3.0.0. This feature will be removed in v6.0.0. See https://github.com/optuna/optuna/releases/tag/v3.0.0. Use suggest_float instead.
  trial.suggest_uniform('acc', acc, acc)
/users/Min/GAug/optuna_HGAugO_test.py:141: FutureWarning: suggest_uniform has been deprecated in v3.0.0. This feature will be removed in v6.0.0. See https://github.com/optuna/optuna/releases/tag/v3.0.0. Use suggest_float instead.
  trial.suggest_uniform('std', std, std)
[I 2023-12-18 19:24:33,777] Trial 3 finished with value: 0.3886292834890967 and parameters: {'alpha': 0.5, 'beta': 0.2, 'temp': 0.4, 'warmup': 7, 'pretrain_ep': 80.0, 'pretrain_nc': 240.0, 'dataset': 'cora', 'gnn': 'gcn', 'acc': 0.3886292834890967, 'std': 1.1102230246251565e-16}. Best is trial 1 with value: 0.4365264797507787.
/users/Min/GAug/optuna_HGAugO_test.py:125: FutureWarning: suggest_discrete_uniform has been deprecated in v3.0.0. This feature will be removed in v6.0.0. See https://github.com/optuna/optuna/releases/tag/v3.0.0. Use suggest_float(..., step=...) instead.
  change_frac = trial.suggest_discrete_uniform('alpha', 0, 1, 0.01)
/users/Min/GAug/optuna_HGAugO_test.py:126: FutureWarning: suggest_discrete_uniform has been deprecated in v3.0.0. This feature will be removed in v6.0.0. See https://github.com/optuna/optuna/releases/tag/v3.0.0. Use suggest_float(..., step=...) instead.
  beta = trial.suggest_discrete_uniform('beta', 0.0, 4.0, 0.1)
/users/Min/GAug/optuna_HGAugO_test.py:127: FutureWarning: suggest_discrete_uniform has been deprecated in v3.0.0. This feature will be removed in v6.0.0. See https://github.com/optuna/optuna/releases/tag/v3.0.0. Use suggest_float(..., step=...) instead.
  temp = trial.suggest_discrete_uniform('temp', 0.1, 2.1, 0.1)
/users/Min/GAug/optuna_HGAugO_test.py:129: FutureWarning: suggest_discrete_uniform has been deprecated in v3.0.0. This feature will be removed in v6.0.0. See https://github.com/optuna/optuna/releases/tag/v3.0.0. Use suggest_float(..., step=...) instead.
  pretrain_ep = trial.suggest_discrete_uniform('pretrain_ep', 5, 300, 5)
/users/Min/GAug/optuna_HGAugO_test.py:130: FutureWarning: suggest_discrete_uniform has been deprecated in v3.0.0. This feature will be removed in v6.0.0. See https://github.com/optuna/optuna/releases/tag/v3.0.0. Use suggest_float(..., step=...) instead.
  pretrain_nc = trial.suggest_discrete_uniform('pretrain_nc', 5, 300, 5)
/users/Min/GAug/optuna_HGAugO_test.py:140: FutureWarning: suggest_uniform has been deprecated in v3.0.0. This feature will be removed in v6.0.0. See https://github.com/optuna/optuna/releases/tag/v3.0.0. Use suggest_float instead.
  trial.suggest_uniform('acc', acc, acc)
/users/Min/GAug/optuna_HGAugO_test.py:141: FutureWarning: suggest_uniform has been deprecated in v3.0.0. This feature will be removed in v6.0.0. See https://github.com/optuna/optuna/releases/tag/v3.0.0. Use suggest_float instead.
  trial.suggest_uniform('std', std, std)
[I 2023-12-19 07:05:18,319] Trial 4 finished with value: 0.4260124610591902 and parameters: {'alpha': 0.5700000000000001, 'beta': 3.3000000000000003, 'temp': 1.6, 'warmup': 0, 'pretrain_ep': 200.0, 'pretrain_nc': 25.0, 'dataset': 'cora', 'gnn': 'gcn', 'acc': 0.4260124610591902, 'std': 1.6653345369377348e-16}. Best is trial 1 with value: 0.4365264797507787.
/users/Min/GAug/optuna_HGAugO_test.py:125: FutureWarning: suggest_discrete_uniform has been deprecated in v3.0.0. This feature will be removed in v6.0.0. See https://github.com/optuna/optuna/releases/tag/v3.0.0. Use suggest_float(..., step=...) instead.
  change_frac = trial.suggest_discrete_uniform('alpha', 0, 1, 0.01)
/users/Min/GAug/optuna_HGAugO_test.py:126: FutureWarning: suggest_discrete_uniform has been deprecated in v3.0.0. This feature will be removed in v6.0.0. See https://github.com/optuna/optuna/releases/tag/v3.0.0. Use suggest_float(..., step=...) instead.
  beta = trial.suggest_discrete_uniform('beta', 0.0, 4.0, 0.1)
/users/Min/GAug/optuna_HGAugO_test.py:127: FutureWarning: suggest_discrete_uniform has been deprecated in v3.0.0. This feature will be removed in v6.0.0. See https://github.com/optuna/optuna/releases/tag/v3.0.0. Use suggest_float(..., step=...) instead.
  temp = trial.suggest_discrete_uniform('temp', 0.1, 2.1, 0.1)
/users/Min/GAug/optuna_HGAugO_test.py:129: FutureWarning: suggest_discrete_uniform has been deprecated in v3.0.0. This feature will be removed in v6.0.0. See https://github.com/optuna/optuna/releases/tag/v3.0.0. Use suggest_float(..., step=...) instead.
  pretrain_ep = trial.suggest_discrete_uniform('pretrain_ep', 5, 300, 5)
/users/Min/GAug/optuna_HGAugO_test.py:130: FutureWarning: suggest_discrete_uniform has been deprecated in v3.0.0. This feature will be removed in v6.0.0. See https://github.com/optuna/optuna/releases/tag/v3.0.0. Use suggest_float(..., step=...) instead.
  pretrain_nc = trial.suggest_discrete_uniform('pretrain_nc', 5, 300, 5)
